<?xml version="1.0" encoding="UTF-8"?>
<!-- Generated by org.testng.reporters.JUnitReportReporter -->
<testsuite skipped="3" hostname="DESKTOP-9BMLCIN" name="Online_foodorder" tests="3" failures="0" timestamp="09 Nov 2018 06:34:53 GMT" time="0.000" errors="0">
  <testcase name="create_restaurant" time="0.000" classname="Online_foodorder">
    <skipped/>
  </testcase> <!-- create_restaurant -->
  <testcase name="search_restaurant" time="0.000" classname="Online_foodorder">
    <skipped/>
  </testcase> <!-- search_restaurant -->
  <testcase name="view_order" time="0.000" classname="Online_foodorder">
    <skipped/>
  </testcase> <!-- view_order -->
</testsuite> <!-- Online_foodorder -->
