<?xml version="1.0" encoding="UTF-8"?>
<!-- Generated by org.testng.reporters.JUnitReportReporter -->
<testsuite skipped="0" hostname="DESKTOP-9BMLCIN" name="Online_foodorder" tests="3" failures="0" timestamp="07 Nov 2018 11:41:43 GMT" time="224.816" errors="0">
  <testcase name="create_restaurant" time="118.279" classname="Online_foodorder"/>
  <testcase name="search_restaurant" time="77.114" classname="Online_foodorder"/>
  <testcase name="view_order" time="29.423" classname="Online_foodorder"/>
</testsuite> <!-- Online_foodorder -->
