<?xml version="1.0" encoding="UTF-8"?>
<!-- Generated by org.testng.reporters.JUnitReportReporter -->
<testsuite skipped="0" hostname="DESKTOP-9BMLCIN" name="Online_foodorder" tests="3" failures="0" timestamp="30 Oct 2018 06:57:04 GMT" time="168.367" errors="0">
  <testcase name="create_restaurant" time="90.268" classname="Online_foodorder"/>
  <testcase name="search_restaurant" time="59.402" classname="Online_foodorder"/>
  <testcase name="view_order" time="18.697" classname="Online_foodorder"/>
</testsuite> <!-- Online_foodorder -->
