<?xml version="1.0" encoding="UTF-8"?>
<!-- Generated by org.testng.reporters.JUnitReportReporter -->
<testsuite skipped="0" hostname="DESKTOP-9BMLCIN" name="Online_foodorder" tests="3" failures="0" timestamp="29 Oct 2018 06:45:23 GMT" time="191.309" errors="0">
  <testcase name="create_restaurant" time="108.751" classname="Online_foodorder"/>
  <testcase name="search_restaurant" time="64.334" classname="Online_foodorder"/>
  <testcase name="view_order" time="18.224" classname="Online_foodorder"/>
</testsuite> <!-- Online_foodorder -->
