<?xml version="1.0" encoding="UTF-8"?>
<!-- Generated by org.testng.reporters.JUnitReportReporter -->
<testsuite skipped="0" hostname="DESKTOP-9BMLCIN" name="onlineak" tests="3" failures="0" timestamp="29 Oct 2018 06:15:22 GMT" time="180.385" errors="0">
  <testcase name="create_restaurant" time="100.862" classname="onlineak"/>
  <testcase name="search_restaurant" time="61.720" classname="onlineak"/>
  <testcase name="view_order" time="17.803" classname="onlineak"/>
</testsuite> <!-- onlineak -->
