<?xml version="1.0" encoding="UTF-8"?>
<!-- Generated by org.testng.reporters.JUnitReportReporter -->
<testsuite skipped="0" hostname="DESKTOP-9BMLCIN" name="Admin" tests="3" failures="0" timestamp="26 Oct 2018 07:05:18 GMT" time="228.262" errors="0">
  <testcase name="create_restaurant" time="122.662" classname="Admin"/>
  <testcase name="search_restaurant" time="71.950" classname="Admin"/>
  <testcase name="view_order" time="33.650" classname="Admin"/>
</testsuite> <!-- Admin -->
